Android/MyAndroid/19.Sphere_Per_Vertex_Light_albedo/app/build/intermediates/manifest_merge_blame_file/release/manifest-merger-blame-release-report.txt
1<?xml version="1.0" encoding="utf-8"?>
2<manifest xmlns:android="http://schemas.android.com/apk/res/android"
3    package="com.example.vertex" >
4
5    <uses-sdk
6        android:minSdkVersion="18"
6-->src\main\AndroidManifest.xml
7        android:targetSdkVersion="30" />
7-->src\main\AndroidManifest.xml
8
9    <application
9-->src\main\AndroidManifest.xml:5:5-17:19
10        android:appComponentFactory="androidx.core.app.CoreComponentFactory"
10-->[androidx.core:core:1.3.1] AndroidManifest.xml:24:18-86
11        android:icon="@mipmap/ic_launcher"
11-->src\main\AndroidManifest.xml:6:9-43
12        android:label="@string/app_name"
12-->src\main\AndroidManifest.xml:7:9-41
13        android:roundIcon="@mipmap/ic_launcher_round"
13-->src\main\AndroidManifest.xml:8:9-54
14        android:theme="@style/Theme.AppCompat" >
14-->src\main\AndroidManifest.xml:9:9-47
15        <activity android:name="com.example.vertex.MainActivity" >
15-->src\main\AndroidManifest.xml:10:9-16:20
15-->src\main\AndroidManifest.xml:10:19-47
16            <intent-filter>
16-->src\main\AndroidManifest.xml:11:13-15:29
17                <action android:name="android.intent.action.MAIN" />
17-->src\main\AndroidManifest.xml:12:17-69
17-->src\main\AndroidManifest.xml:12:25-66
18
19                <category android:name="android.intent.category.LAUNCHER" />
19-->src\main\AndroidManifest.xml:14:17-77
19-->src\main\AndroidManifest.xml:14:27-74
20            </intent-filter>
21        </activity>
22    </application>
23
24</manifest>